\BOOKMARK [1][-]{section*.1}{Table of Contents}{}% 1
\BOOKMARK [1][-]{section*.2}{List Of Figures}{}% 2
\BOOKMARK [1][-]{section.1}{Introduction to the Material}{}% 3
\BOOKMARK [1][-]{section.2}{Geometrically Frustrated Systems}{}% 4
\BOOKMARK [2][-]{subsection.2.1}{What is a Geometrically Frustrated System?}{section.2}% 5
\BOOKMARK [2][-]{subsection.2.2}{Geometrical Frustration in Water Ice}{section.2}% 6
\BOOKMARK [2][-]{subsection.2.3}{Spin Ice Structures}{section.2}% 7
\BOOKMARK [1][-]{section.3}{Experimental Constraints}{}% 8
\BOOKMARK [2][-]{subsection.3.1}{Square Lattice}{section.3}% 9
\BOOKMARK [2][-]{subsection.3.2}{Frustration on the Kagome Lattice}{section.3}% 10
\BOOKMARK [1][-]{section.4}{Dirac Strings and Monopoles}{}% 11
\BOOKMARK [2][-]{subsection.4.1}{The Charge Model}{section.4}% 12
\BOOKMARK [2][-]{subsection.4.2}{Emergence of Fractional Quasi-particles}{section.4}% 13
\BOOKMARK [1][-]{section.5}{Computational Methods}{}% 14
\BOOKMARK [2][-]{subsection.5.1}{Monte-Carlo Procedure}{section.5}% 15
\BOOKMARK [2][-]{subsection.5.2}{Ewald Summation}{section.5}% 16
\BOOKMARK [1][-]{section.6}{Simulation Results}{}% 17
\BOOKMARK [2][-]{subsection.6.1}{Singular Island Experiments}{section.6}% 18
\BOOKMARK [2][-]{subsection.6.2}{String Collisions}{section.6}% 19
\BOOKMARK [2][-]{subsection.6.3}{Unbiased Magnetic Field}{section.6}% 20
\BOOKMARK [1][-]{section.7}{Conclusion}{}% 21
\BOOKMARK [1][-]{section.7}{References}{}% 22
